<?xml version="1.0" encoding="UTF-8"?>
<!-- Generated by org.testng.reporters.JUnitReportReporter -->
<testsuite hostname="Swapnils-MacBook-Air.local" failures="0" tests="1" name="BaseClass.BaseTest" time="0.450" errors="0" timestamp="2025-01-31T23:48:37 IST" skipped="0">
  <testcase classname="BaseClass.BaseTest" name="validateTextMessage" time="0.450"/>
</testsuite> <!-- BaseClass.BaseTest -->
