<?xml version="1.0" encoding="UTF-8"?>
<!-- Generated by org.testng.reporters.JUnitReportReporter -->
<testsuite hostname="Swapnils-MacBook-Air.local" failures="0" tests="1" name="testCases.Scenario1.TestCases" time="21.861" errors="0" timestamp="2025-02-01T16:08:40 IST" skipped="0">
  <testcase classname="testCases.Scenario1.TestCases" name="tc_01_ValidateTextMessage" time="21.861"/>
</testsuite> <!-- testCases.Scenario1.TestCases -->
