<?xml version="1.0" encoding="UTF-8"?>
<!-- Generated by org.testng.reporters.JUnitReportReporter -->
<testsuite hostname="Swapnils-MacBook-Air.local" failures="0" tests="1" name="testCases.Scenario1.Scenario2.TestCase2" time="15.740" errors="0" timestamp="2025-02-01T16:12:28 IST" skipped="0">
  <testcase classname="testCases.Scenario1.Scenario2.TestCase2" name="validateDragAndDropSliders" time="15.740"/>
</testsuite> <!-- testCases.Scenario1.Scenario2.TestCase2 -->
