<?xml version="1.0" encoding="UTF-8"?>
<!-- Generated by org.testng.reporters.JUnitReportReporter -->
<testsuite hostname="Swapnils-MacBook-Air.local" failures="0" tests="1" name="testCases.Scenario1.TestCases" time="0.555" errors="0" timestamp="2025-01-18T17:24:05 IST" skipped="0">
  <testcase classname="testCases.Scenario1.TestCases" name="validateTextMessage" time="0.555"/>
</testsuite> <!-- testCases.Scenario1.TestCases -->
