<?xml version="1.0" encoding="UTF-8"?>
<!-- Generated by org.testng.reporters.JUnitReportReporter -->
<testsuite hostname="Swapnils-MacBook-Air.local" failures="0" tests="1" name="BaseClass.BaseTest" time="0.549" errors="0" timestamp="2025-01-31T23:29:14 IST" skipped="0">
  <testcase classname="BaseClass.BaseTest" name="validateTextMessage" time="0.549"/>
</testsuite> <!-- BaseClass.BaseTest -->
