<?xml version="1.0" encoding="UTF-8"?>
<!-- Generated by org.testng.reporters.JUnitReportReporter -->
<testsuite hostname="Swapnils-MacBook-Air.local" failures="0" tests="1" name="Scenario3.TestCase3" time="36.025" errors="0" timestamp="2025-02-01T17:41:20 IST" skipped="0">
  <testcase classname="Scenario3.TestCase3" name="validateInputFromSubmit" time="36.025"/>
</testsuite> <!-- Scenario3.TestCase3 -->
